EDA Netlist Writer report for status_reg
Wed Sep  6 15:08:04 2017
Quartus Prime Version 17.0.0 Build 595 04/25/2017 SJ Lite Edition


---------------------
; Table of Contents ;
---------------------
  1. Legal Notice
  2. EDA Netlist Writer Summary
  3. Simulation Settings
  4. Simulation Generated Files
  5. Board-Level Settings
  6. Board-Level Generated Files
  7. EDA Netlist Writer Messages



----------------
; Legal Notice ;
----------------
Copyright (C) 2017  Intel Corporation. All rights reserved.
Your use of Intel Corporation's design tools, logic functions 
and other software and tools, and its AMPP partner logic 
functions, and any output files from any of the foregoing 
(including device programming or simulation files), and any 
associated documentation or information are expressly subject 
to the terms and conditions of the Intel Program License 
Subscription Agreement, the Intel Quartus Prime License Agreement,
the Intel MegaCore Function License Agreement, or other 
applicable license agreement, including, without limitation, 
that your use is for the sole purpose of programming logic 
devices manufactured by Intel and sold by Intel or its 
authorized distributors.  Please refer to the applicable 
agreement for further details.



+------------------------------------------------------------------------------+
; EDA Netlist Writer Summary                                                   ;
+--------------------------------------+---------------------------------------+
; EDA Netlist Writer Status            ; Successful - Wed Sep  6 15:08:04 2017 ;
; Revision Name                        ; status_reg                            ;
; Top-level Entity Name                ; status_reg                            ;
; Family                               ; Cyclone IV E                          ;
; Simulation Files Creation            ; Successful                            ;
; Board Timing Analysis Files Creation ; Successful                            ;
+--------------------------------------+---------------------------------------+


+----------------------------------------------------------------------------------------------------------------------------+
; Simulation Settings                                                                                                        ;
+---------------------------------------------------------------------------------------------------+------------------------+
; Option                                                                                            ; Setting                ;
+---------------------------------------------------------------------------------------------------+------------------------+
; Tool Name                                                                                         ; ModelSim-Altera (VHDL) ;
; Generate functional simulation netlist                                                            ; Off                    ;
; Time scale                                                                                        ; 1 ps                   ;
; Truncate long hierarchy paths                                                                     ; Off                    ;
; Map illegal HDL characters                                                                        ; Off                    ;
; Flatten buses into individual nodes                                                               ; Off                    ;
; Maintain hierarchy                                                                                ; Off                    ;
; Bring out device-wide set/reset signals as ports                                                  ; Off                    ;
; Enable glitch filtering                                                                           ; Off                    ;
; Do not write top level VHDL entity                                                                ; Off                    ;
; Disable detection of setup and hold time violations in the input registers of bi-directional pins ; Off                    ;
; Architecture name in VHDL output netlist                                                          ; structure              ;
; Generate third-party EDA tool command script for RTL functional simulation                        ; Off                    ;
; Generate third-party EDA tool command script for gate-level simulation                            ; Off                    ;
+---------------------------------------------------------------------------------------------------+------------------------+


+--------------------------------------------------------------------------------------------------------------------------------------+
; Simulation Generated Files                                                                                                           ;
+--------------------------------------------------------------------------------------------------------------------------------------+
; Generated Files                                                                                                                      ;
+--------------------------------------------------------------------------------------------------------------------------------------+
; /home/tatenda/QuartusProjects/eee3064w_lab6_MVHADM001_NDXRON002/status_reg/simulation/modelsim/status_reg_6_1200mv_85c_slow.vho      ;
; /home/tatenda/QuartusProjects/eee3064w_lab6_MVHADM001_NDXRON002/status_reg/simulation/modelsim/status_reg_6_1200mv_0c_slow.vho       ;
; /home/tatenda/QuartusProjects/eee3064w_lab6_MVHADM001_NDXRON002/status_reg/simulation/modelsim/status_reg_min_1200mv_0c_fast.vho     ;
; /home/tatenda/QuartusProjects/eee3064w_lab6_MVHADM001_NDXRON002/status_reg/simulation/modelsim/status_reg.vho                        ;
; /home/tatenda/QuartusProjects/eee3064w_lab6_MVHADM001_NDXRON002/status_reg/simulation/modelsim/status_reg_6_1200mv_85c_vhd_slow.sdo  ;
; /home/tatenda/QuartusProjects/eee3064w_lab6_MVHADM001_NDXRON002/status_reg/simulation/modelsim/status_reg_6_1200mv_0c_vhd_slow.sdo   ;
; /home/tatenda/QuartusProjects/eee3064w_lab6_MVHADM001_NDXRON002/status_reg/simulation/modelsim/status_reg_min_1200mv_0c_vhd_fast.sdo ;
; /home/tatenda/QuartusProjects/eee3064w_lab6_MVHADM001_NDXRON002/status_reg/simulation/modelsim/status_reg_vhd.sdo                    ;
+--------------------------------------------------------------------------------------------------------------------------------------+


+----------------------------------------+
; Board-Level Settings                   ;
+------------------------------+---------+
; Option                       ; Setting ;
+------------------------------+---------+
; Board Timing Analysis Format ; STAMP   ;
+------------------------------+---------+


+-------------------------------------------------------------------------------------------------------------------------------------------------------------------------------------------------------------------------------+
; Board-Level Generated Files                                                                                                                                                                                                   ;
+-------------------------------------------------------------------------------------------------------------------------------------------------------------------------------------------------------------------------------+
; Generated Files                                                                                                                                                                                                               ;
+-------------------------------------------------------------------------------------------------------------------------------------------------------------------------------------------------------------------------------+
; Board Timing Analysis                                                                                                                                                                                                         ;
;     /home/tatenda/QuartusProjects/eee3064w_lab6_MVHADM001_NDXRON002/status_reg/timing/stamp//home/tatenda/QuartusProjects/eee3064w_lab6_MVHADM001_NDXRON002/status_reg/timing/stamp//status_reg_6_1200mv_85c_board_slow.mod   ;
;     /home/tatenda/QuartusProjects/eee3064w_lab6_MVHADM001_NDXRON002/status_reg/timing/stamp//home/tatenda/QuartusProjects/eee3064w_lab6_MVHADM001_NDXRON002/status_reg/timing/stamp//status_reg_6_1200mv_85c_board_slow.data  ;
;     /home/tatenda/QuartusProjects/eee3064w_lab6_MVHADM001_NDXRON002/status_reg/timing/stamp//home/tatenda/QuartusProjects/eee3064w_lab6_MVHADM001_NDXRON002/status_reg/timing/stamp//status_reg_6_1200mv_0c_board_slow.mod    ;
;     /home/tatenda/QuartusProjects/eee3064w_lab6_MVHADM001_NDXRON002/status_reg/timing/stamp//home/tatenda/QuartusProjects/eee3064w_lab6_MVHADM001_NDXRON002/status_reg/timing/stamp//status_reg_6_1200mv_0c_board_slow.data   ;
;     /home/tatenda/QuartusProjects/eee3064w_lab6_MVHADM001_NDXRON002/status_reg/timing/stamp//home/tatenda/QuartusProjects/eee3064w_lab6_MVHADM001_NDXRON002/status_reg/timing/stamp//status_reg_min_1200mv_0c_board_fast.mod  ;
;     /home/tatenda/QuartusProjects/eee3064w_lab6_MVHADM001_NDXRON002/status_reg/timing/stamp//home/tatenda/QuartusProjects/eee3064w_lab6_MVHADM001_NDXRON002/status_reg/timing/stamp//status_reg_min_1200mv_0c_board_fast.data ;
;     /home/tatenda/QuartusProjects/eee3064w_lab6_MVHADM001_NDXRON002/status_reg/timing/stamp//home/tatenda/QuartusProjects/eee3064w_lab6_MVHADM001_NDXRON002/status_reg/timing/stamp//status_reg_board.mod                     ;
;     /home/tatenda/QuartusProjects/eee3064w_lab6_MVHADM001_NDXRON002/status_reg/timing/stamp//home/tatenda/QuartusProjects/eee3064w_lab6_MVHADM001_NDXRON002/status_reg/timing/stamp//status_reg_board.data                    ;
+-------------------------------------------------------------------------------------------------------------------------------------------------------------------------------------------------------------------------------+


+-----------------------------+
; EDA Netlist Writer Messages ;
+-----------------------------+
Info: *******************************************************************
Info: Running Quartus Prime EDA Netlist Writer
    Info: Version 17.0.0 Build 595 04/25/2017 SJ Lite Edition
    Info: Processing started: Wed Sep  6 15:08:03 2017
Info: Command: quartus_eda --read_settings_files=off --write_settings_files=off status_reg -c status_reg
Warning (18236): Number of processors has not been specified which may cause overloading on shared machines.  Set the global assignment NUM_PARALLEL_PROCESSORS in your QSF to an appropriate value for best performance.
Info (204019): Generated file status_reg_6_1200mv_85c_slow.vho in folder "/home/tatenda/QuartusProjects/eee3064w_lab6_MVHADM001_NDXRON002/status_reg/simulation/modelsim/" for EDA simulation tool
Info (204019): Generated file status_reg_6_1200mv_0c_slow.vho in folder "/home/tatenda/QuartusProjects/eee3064w_lab6_MVHADM001_NDXRON002/status_reg/simulation/modelsim/" for EDA simulation tool
Info (204019): Generated file status_reg_min_1200mv_0c_fast.vho in folder "/home/tatenda/QuartusProjects/eee3064w_lab6_MVHADM001_NDXRON002/status_reg/simulation/modelsim/" for EDA simulation tool
Info (204019): Generated file status_reg.vho in folder "/home/tatenda/QuartusProjects/eee3064w_lab6_MVHADM001_NDXRON002/status_reg/simulation/modelsim/" for EDA simulation tool
Info (204019): Generated file status_reg_6_1200mv_85c_vhd_slow.sdo in folder "/home/tatenda/QuartusProjects/eee3064w_lab6_MVHADM001_NDXRON002/status_reg/simulation/modelsim/" for EDA simulation tool
Info (204019): Generated file status_reg_6_1200mv_0c_vhd_slow.sdo in folder "/home/tatenda/QuartusProjects/eee3064w_lab6_MVHADM001_NDXRON002/status_reg/simulation/modelsim/" for EDA simulation tool
Info (204019): Generated file status_reg_min_1200mv_0c_vhd_fast.sdo in folder "/home/tatenda/QuartusProjects/eee3064w_lab6_MVHADM001_NDXRON002/status_reg/simulation/modelsim/" for EDA simulation tool
Info (204019): Generated file status_reg_vhd.sdo in folder "/home/tatenda/QuartusProjects/eee3064w_lab6_MVHADM001_NDXRON002/status_reg/simulation/modelsim/" for EDA simulation tool
Info (199047): Generated files "/home/tatenda/QuartusProjects/eee3064w_lab6_MVHADM001_NDXRON002/status_reg/timing/stamp//status_reg_6_1200mv_85c_board_slow.mod" and "/home/tatenda/QuartusProjects/eee3064w_lab6_MVHADM001_NDXRON002/status_reg/timing/stamp//status_reg_6_1200mv_85c_board_slow.data"
Info (199047): Generated files "/home/tatenda/QuartusProjects/eee3064w_lab6_MVHADM001_NDXRON002/status_reg/timing/stamp//status_reg_6_1200mv_0c_board_slow.mod" and "/home/tatenda/QuartusProjects/eee3064w_lab6_MVHADM001_NDXRON002/status_reg/timing/stamp//status_reg_6_1200mv_0c_board_slow.data"
Info (199047): Generated files "/home/tatenda/QuartusProjects/eee3064w_lab6_MVHADM001_NDXRON002/status_reg/timing/stamp//status_reg_min_1200mv_0c_board_fast.mod" and "/home/tatenda/QuartusProjects/eee3064w_lab6_MVHADM001_NDXRON002/status_reg/timing/stamp//status_reg_min_1200mv_0c_board_fast.data"
Info (199047): Generated files "/home/tatenda/QuartusProjects/eee3064w_lab6_MVHADM001_NDXRON002/status_reg/timing/stamp//status_reg_board.mod" and "/home/tatenda/QuartusProjects/eee3064w_lab6_MVHADM001_NDXRON002/status_reg/timing/stamp//status_reg_board.data"
Info: Quartus Prime EDA Netlist Writer was successful. 0 errors, 1 warning
    Info: Peak virtual memory: 1047 megabytes
    Info: Processing ended: Wed Sep  6 15:08:04 2017
    Info: Elapsed time: 00:00:01
    Info: Total CPU time (on all processors): 00:00:01


