Analysis & Synthesis report for datapath
Wed Sep  6 16:00:09 2017
Quartus Prime Version 17.0.0 Build 595 04/25/2017 SJ Lite Edition


---------------------
; Table of Contents ;
---------------------
  1. Legal Notice
  2. Analysis & Synthesis Summary
  3. Analysis & Synthesis Settings
  4. Parallel Compilation
  5. Analysis & Synthesis Source Files Read
  6. Analysis & Synthesis Resource Usage Summary
  7. Analysis & Synthesis Resource Utilization by Entity
  8. User-Specified and Inferred Latches
  9. Logic Cells Representing Combinational Loops
 10. General Register Statistics
 11. Multiplexer Restructuring Statistics (Restructuring Performed)
 12. Post-Synthesis Netlist Statistics for Top Partition
 13. Elapsed Time Per Partition
 14. Analysis & Synthesis Messages



----------------
; Legal Notice ;
----------------
Copyright (C) 2017  Intel Corporation. All rights reserved.
Your use of Intel Corporation's design tools, logic functions 
and other software and tools, and its AMPP partner logic 
functions, and any output files from any of the foregoing 
(including device programming or simulation files), and any 
associated documentation or information are expressly subject 
to the terms and conditions of the Intel Program License 
Subscription Agreement, the Intel Quartus Prime License Agreement,
the Intel MegaCore Function License Agreement, or other 
applicable license agreement, including, without limitation, 
that your use is for the sole purpose of programming logic 
devices manufactured by Intel and sold by Intel or its 
authorized distributors.  Please refer to the applicable 
agreement for further details.



+----------------------------------------------------------------------------------+
; Analysis & Synthesis Summary                                                     ;
+------------------------------------+---------------------------------------------+
; Analysis & Synthesis Status        ; Successful - Wed Sep  6 16:00:09 2017       ;
; Quartus Prime Version              ; 17.0.0 Build 595 04/25/2017 SJ Lite Edition ;
; Revision Name                      ; datapath                                    ;
; Top-level Entity Name              ; datapath                                    ;
; Family                             ; Cyclone IV E                                ;
; Total logic elements               ; 242                                         ;
;     Total combinational functions  ; 242                                         ;
;     Dedicated logic registers      ; 11                                          ;
; Total registers                    ; 11                                          ;
; Total pins                         ; 54                                          ;
; Total virtual pins                 ; 0                                           ;
; Total memory bits                  ; 0                                           ;
; Embedded Multiplier 9-bit elements ; 0                                           ;
; Total PLLs                         ; 0                                           ;
+------------------------------------+---------------------------------------------+


+----------------------------------------------------------------------------------------------------------------------+
; Analysis & Synthesis Settings                                                                                        ;
+----------------------------------------------------------------------------+--------------------+--------------------+
; Option                                                                     ; Setting            ; Default Value      ;
+----------------------------------------------------------------------------+--------------------+--------------------+
; Top-level entity name                                                      ; datapath           ; datapath           ;
; Family name                                                                ; Cyclone IV E       ; Cyclone V          ;
; Use smart compilation                                                      ; Off                ; Off                ;
; Enable parallel Assembler and TimeQuest Timing Analyzer during compilation ; On                 ; On                 ;
; Enable compact report table                                                ; Off                ; Off                ;
; Restructure Multiplexers                                                   ; Auto               ; Auto               ;
; Create Debugging Nodes for IP Cores                                        ; Off                ; Off                ;
; Preserve fewer node names                                                  ; On                 ; On                 ;
; OpenCore Plus hardware evaluation                                          ; Enable             ; Enable             ;
; Verilog Version                                                            ; Verilog_2001       ; Verilog_2001       ;
; VHDL Version                                                               ; VHDL_1993          ; VHDL_1993          ;
; State Machine Processing                                                   ; Auto               ; Auto               ;
; Safe State Machine                                                         ; Off                ; Off                ;
; Extract Verilog State Machines                                             ; On                 ; On                 ;
; Extract VHDL State Machines                                                ; On                 ; On                 ;
; Ignore Verilog initial constructs                                          ; Off                ; Off                ;
; Iteration limit for constant Verilog loops                                 ; 5000               ; 5000               ;
; Iteration limit for non-constant Verilog loops                             ; 250                ; 250                ;
; Add Pass-Through Logic to Inferred RAMs                                    ; On                 ; On                 ;
; Infer RAMs from Raw Logic                                                  ; On                 ; On                 ;
; Parallel Synthesis                                                         ; On                 ; On                 ;
; DSP Block Balancing                                                        ; Auto               ; Auto               ;
; NOT Gate Push-Back                                                         ; On                 ; On                 ;
; Power-Up Don't Care                                                        ; On                 ; On                 ;
; Remove Redundant Logic Cells                                               ; Off                ; Off                ;
; Remove Duplicate Registers                                                 ; On                 ; On                 ;
; Ignore CARRY Buffers                                                       ; Off                ; Off                ;
; Ignore CASCADE Buffers                                                     ; Off                ; Off                ;
; Ignore GLOBAL Buffers                                                      ; Off                ; Off                ;
; Ignore ROW GLOBAL Buffers                                                  ; Off                ; Off                ;
; Ignore LCELL Buffers                                                       ; Off                ; Off                ;
; Ignore SOFT Buffers                                                        ; On                 ; On                 ;
; Limit AHDL Integers to 32 Bits                                             ; Off                ; Off                ;
; Optimization Technique                                                     ; Balanced           ; Balanced           ;
; Carry Chain Length                                                         ; 70                 ; 70                 ;
; Auto Carry Chains                                                          ; On                 ; On                 ;
; Auto Open-Drain Pins                                                       ; On                 ; On                 ;
; Perform WYSIWYG Primitive Resynthesis                                      ; Off                ; Off                ;
; Auto ROM Replacement                                                       ; On                 ; On                 ;
; Auto RAM Replacement                                                       ; On                 ; On                 ;
; Auto DSP Block Replacement                                                 ; On                 ; On                 ;
; Auto Shift Register Replacement                                            ; Auto               ; Auto               ;
; Allow Shift Register Merging across Hierarchies                            ; Auto               ; Auto               ;
; Auto Clock Enable Replacement                                              ; On                 ; On                 ;
; Strict RAM Replacement                                                     ; Off                ; Off                ;
; Allow Synchronous Control Signals                                          ; On                 ; On                 ;
; Force Use of Synchronous Clear Signals                                     ; Off                ; Off                ;
; Auto RAM Block Balancing                                                   ; On                 ; On                 ;
; Auto RAM to Logic Cell Conversion                                          ; Off                ; Off                ;
; Auto Resource Sharing                                                      ; Off                ; Off                ;
; Allow Any RAM Size For Recognition                                         ; Off                ; Off                ;
; Allow Any ROM Size For Recognition                                         ; Off                ; Off                ;
; Allow Any Shift Register Size For Recognition                              ; Off                ; Off                ;
; Use LogicLock Constraints during Resource Balancing                        ; On                 ; On                 ;
; Ignore translate_off and synthesis_off directives                          ; Off                ; Off                ;
; Timing-Driven Synthesis                                                    ; On                 ; On                 ;
; Report Parameter Settings                                                  ; On                 ; On                 ;
; Report Source Assignments                                                  ; On                 ; On                 ;
; Report Connectivity Checks                                                 ; On                 ; On                 ;
; Ignore Maximum Fan-Out Assignments                                         ; Off                ; Off                ;
; Synchronization Register Chain Length                                      ; 2                  ; 2                  ;
; PowerPlay Power Optimization During Synthesis                              ; Normal compilation ; Normal compilation ;
; HDL message level                                                          ; Level2             ; Level2             ;
; Suppress Register Optimization Related Messages                            ; Off                ; Off                ;
; Number of Removed Registers Reported in Synthesis Report                   ; 5000               ; 5000               ;
; Number of Swept Nodes Reported in Synthesis Report                         ; 5000               ; 5000               ;
; Number of Inverted Registers Reported in Synthesis Report                  ; 100                ; 100                ;
; Clock MUX Protection                                                       ; On                 ; On                 ;
; Auto Gated Clock Conversion                                                ; Off                ; Off                ;
; Block Design Naming                                                        ; Auto               ; Auto               ;
; SDC constraint protection                                                  ; Off                ; Off                ;
; Synthesis Effort                                                           ; Auto               ; Auto               ;
; Shift Register Replacement - Allow Asynchronous Clear Signal               ; On                 ; On                 ;
; Pre-Mapping Resynthesis Optimization                                       ; Off                ; Off                ;
; Analysis & Synthesis Message Level                                         ; Medium             ; Medium             ;
; Disable Register Merging Across Hierarchies                                ; Auto               ; Auto               ;
; Resource Aware Inference For Block RAM                                     ; On                 ; On                 ;
+----------------------------------------------------------------------------+--------------------+--------------------+


+------------------------------------------+
; Parallel Compilation                     ;
+----------------------------+-------------+
; Processors                 ; Number      ;
+----------------------------+-------------+
; Number detected on machine ; 4           ;
; Maximum allowed            ; 2           ;
;                            ;             ;
; Average used               ; 1.00        ;
; Maximum used               ; 2           ;
;                            ;             ;
; Usage by Processor         ; % Time Used ;
;     Processor 1            ; 100.0%      ;
;     Processor 2            ;   0.0%      ;
+----------------------------+-------------+


+-------------------------------------------------------------------------------------------------------------------------------------------------------------------------------------------------------+
; Analysis & Synthesis Source Files Read                                                                                                                                                                ;
+----------------------------------+-----------------+------------------------------------------+---------------------------------------------------------------------------------------------+---------+
; File Name with User-Entered Path ; Used in Netlist ; File Type                                ; File Name with Absolute Path                                                                ; Library ;
+----------------------------------+-----------------+------------------------------------------+---------------------------------------------------------------------------------------------+---------+
; ../accumulator/accumulator.vhd   ; yes             ; User VHDL File                           ; /home/tatenda/QuartusProjects/eee3064w_lab6_MVHADM001_NDXRON002/accumulator/accumulator.vhd ;         ;
; ../alu/alu.vhd                   ; yes             ; User VHDL File                           ; /home/tatenda/QuartusProjects/eee3064w_lab6_MVHADM001_NDXRON002/alu/alu.vhd                 ;         ;
; ../mux21/mux21.vhd               ; yes             ; User VHDL File                           ; /home/tatenda/QuartusProjects/eee3064w_lab6_MVHADM001_NDXRON002/mux21/mux21.vhd             ;         ;
; ../mux41/mux41.vhd               ; yes             ; User VHDL File                           ; /home/tatenda/QuartusProjects/eee3064w_lab6_MVHADM001_NDXRON002/mux41/mux41.vhd             ;         ;
; ../status_reg/status_reg.vhd     ; yes             ; User VHDL File                           ; /home/tatenda/QuartusProjects/eee3064w_lab6_MVHADM001_NDXRON002/status_reg/status_reg.vhd   ;         ;
; datapath.bdf                     ; yes             ; Auto-Found Block Diagram/Schematic File  ; /home/tatenda/QuartusProjects/eee3064w_lab6_MVHADM001_NDXRON002/datapath/datapath.bdf       ;         ;
+----------------------------------+-----------------+------------------------------------------+---------------------------------------------------------------------------------------------+---------+


+---------------------------------------------------------------+
; Analysis & Synthesis Resource Usage Summary                   ;
+---------------------------------------------+-----------------+
; Resource                                    ; Usage           ;
+---------------------------------------------+-----------------+
; Estimated Total logic elements              ; 242             ;
;                                             ;                 ;
; Total combinational functions               ; 242             ;
; Logic element usage by number of LUT inputs ;                 ;
;     -- 4 input functions                    ; 157             ;
;     -- 3 input functions                    ; 66              ;
;     -- <=2 input functions                  ; 19              ;
;                                             ;                 ;
; Logic elements by mode                      ;                 ;
;     -- normal mode                          ; 214             ;
;     -- arithmetic mode                      ; 28              ;
;                                             ;                 ;
; Total registers                             ; 11              ;
;     -- Dedicated logic registers            ; 11              ;
;     -- I/O registers                        ; 0               ;
;                                             ;                 ;
; I/O pins                                    ; 54              ;
;                                             ;                 ;
; Embedded Multiplier 9-bit elements          ; 0               ;
;                                             ;                 ;
; Maximum fan-out node                        ; opcode[2]~input ;
; Maximum fan-out                             ; 37              ;
; Total fan-out                               ; 965             ;
; Average fan-out                             ; 2.67            ;
+---------------------------------------------+-----------------+


+------------------------------------------------------------------------------------------------------------------------------------------------------------------------------------------------------------------+
; Analysis & Synthesis Resource Utilization by Entity                                                                                                                                                              ;
+----------------------------+---------------------+---------------------------+-------------+--------------+---------+-----------+------+--------------+-----------------------------+-------------+--------------+
; Compilation Hierarchy Node ; Combinational ALUTs ; Dedicated Logic Registers ; Memory Bits ; DSP Elements ; DSP 9x9 ; DSP 18x18 ; Pins ; Virtual Pins ; Full Hierarchy Name         ; Entity Name ; Library Name ;
+----------------------------+---------------------+---------------------------+-------------+--------------+---------+-----------+------+--------------+-----------------------------+-------------+--------------+
; |datapath                  ; 242 (0)             ; 11 (0)                    ; 0           ; 0            ; 0       ; 0         ; 54   ; 0            ; |datapath                   ; datapath    ; work         ;
;    |accumulator:inst6|     ; 0 (0)               ; 8 (8)                     ; 0           ; 0            ; 0       ; 0         ; 0    ; 0            ; |datapath|accumulator:inst6 ; accumulator ; work         ;
;    |alu:inst5|             ; 202 (202)           ; 0 (0)                     ; 0           ; 0            ; 0       ; 0         ; 0    ; 0            ; |datapath|alu:inst5         ; alu         ; work         ;
;    |mux21:inst1|           ; 8 (8)               ; 0 (0)                     ; 0           ; 0            ; 0       ; 0         ; 0    ; 0            ; |datapath|mux21:inst1       ; mux21       ; work         ;
;    |mux21:inst2|           ; 8 (8)               ; 0 (0)                     ; 0           ; 0            ; 0       ; 0         ; 0    ; 0            ; |datapath|mux21:inst2       ; mux21       ; work         ;
;    |mux21:inst|            ; 8 (8)               ; 0 (0)                     ; 0           ; 0            ; 0       ; 0         ; 0    ; 0            ; |datapath|mux21:inst        ; mux21       ; work         ;
;    |mux41:inst3|           ; 16 (16)             ; 0 (0)                     ; 0           ; 0            ; 0       ; 0         ; 0    ; 0            ; |datapath|mux41:inst3       ; mux41       ; work         ;
;    |status_reg:inst4|      ; 0 (0)               ; 3 (3)                     ; 0           ; 0            ; 0       ; 0         ; 0    ; 0            ; |datapath|status_reg:inst4  ; status_reg  ; work         ;
+----------------------------+---------------------+---------------------------+-------------+--------------+---------+-----------+------+--------------+-----------------------------+-------------+--------------+
Note: For table entries with two numbers listed, the numbers in parentheses indicate the number of resources of the given type used by the specific entity alone. The numbers listed outside of parentheses indicate the total resources of the given type used by the specific entity and all of its sub-entities in the hierarchy.


+---------------------------------------------------------------------------------------------------+
; User-Specified and Inferred Latches                                                               ;
+----------------------------------------------------+---------------------+------------------------+
; Latch Name                                         ; Latch Enable Signal ; Free of Timing Hazards ;
+----------------------------------------------------+---------------------+------------------------+
; alu:inst5|N                                        ; alu:inst5|Mux8      ; yes                    ;
; alu:inst5|C                                        ; alu:inst5|Mux8      ; yes                    ;
; alu:inst5|Z                                        ; alu:inst5|Mux8      ; yes                    ;
; Number of user-specified and inferred latches = 3  ;                     ;                        ;
+----------------------------------------------------+---------------------+------------------------+
Note: All latches listed above may not be present at the end of synthesis due to various synthesis optimizations.


+------------------------------------------------------------+
; Logic Cells Representing Combinational Loops               ;
+--------------------------------------------------------+---+
; Logic Cell Name                                        ;   ;
+--------------------------------------------------------+---+
; alu:inst5|out_alu[7]                                   ;   ;
; alu:inst5|out_alu[6]                                   ;   ;
; alu:inst5|out_alu[5]                                   ;   ;
; alu:inst5|out_alu[4]                                   ;   ;
; alu:inst5|out_alu[3]                                   ;   ;
; alu:inst5|out_alu[2]                                   ;   ;
; alu:inst5|out_alu[1]                                   ;   ;
; alu:inst5|out_alu[0]                                   ;   ;
; Number of logic cells representing combinational loops ; 8 ;
+--------------------------------------------------------+---+
Note: All cells listed above may not be present at the end of synthesis due to various synthesis optimizations.


+------------------------------------------------------+
; General Register Statistics                          ;
+----------------------------------------------+-------+
; Statistic                                    ; Value ;
+----------------------------------------------+-------+
; Total registers                              ; 11    ;
; Number of registers using Synchronous Clear  ; 0     ;
; Number of registers using Synchronous Load   ; 0     ;
; Number of registers using Asynchronous Clear ; 0     ;
; Number of registers using Asynchronous Load  ; 0     ;
; Number of registers using Clock Enable       ; 8     ;
; Number of registers using Preset             ; 0     ;
+----------------------------------------------+-------+


+-----------------------------------------------------------------------------------------------------------------------------------------------------+
; Multiplexer Restructuring Statistics (Restructuring Performed)                                                                                      ;
+--------------------+-----------+---------------+----------------------+------------------------+------------+---------------------------------------+
; Multiplexer Inputs ; Bus Width ; Baseline Area ; Area if Restructured ; Saving if Restructured ; Registered ; Example Multiplexer Output            ;
+--------------------+-----------+---------------+----------------------+------------------------+------------+---------------------------------------+
; 4:1                ; 8 bits    ; 16 LEs        ; 16 LEs               ; 0 LEs                  ; Yes        ; |datapath|accumulator:inst6|output[6] ;
; 24:1               ; 6 bits    ; 96 LEs        ; 48 LEs               ; 48 LEs                 ; No         ; |datapath|alu:inst5|Mux1              ;
+--------------------+-----------+---------------+----------------------+------------------------+------------+---------------------------------------+


+-----------------------------------------------------+
; Post-Synthesis Netlist Statistics for Top Partition ;
+-----------------------+-----------------------------+
; Type                  ; Count                       ;
+-----------------------+-----------------------------+
; boundary_port         ; 54                          ;
; cycloneiii_ff         ; 11                          ;
;     ENA               ; 8                           ;
;     plain             ; 3                           ;
; cycloneiii_lcell_comb ; 242                         ;
;     arith             ; 28                          ;
;         2 data inputs ; 14                          ;
;         3 data inputs ; 14                          ;
;     normal            ; 214                         ;
;         1 data inputs ; 2                           ;
;         2 data inputs ; 3                           ;
;         3 data inputs ; 52                          ;
;         4 data inputs ; 157                         ;
;                       ;                             ;
; Max LUT depth         ; 10.30                       ;
; Average LUT depth     ; 7.36                        ;
+-----------------------+-----------------------------+


+-------------------------------+
; Elapsed Time Per Partition    ;
+----------------+--------------+
; Partition Name ; Elapsed Time ;
+----------------+--------------+
; Top            ; 00:00:02     ;
+----------------+--------------+


+-------------------------------+
; Analysis & Synthesis Messages ;
+-------------------------------+
Info: *******************************************************************
Info: Running Quartus Prime Analysis & Synthesis
    Info: Version 17.0.0 Build 595 04/25/2017 SJ Lite Edition
    Info: Processing started: Wed Sep  6 15:59:44 2017
Info: Command: quartus_map --read_settings_files=on --write_settings_files=off datapath -c datapath
Warning (18236): Number of processors has not been specified which may cause overloading on shared machines.  Set the global assignment NUM_PARALLEL_PROCESSORS in your QSF to an appropriate value for best performance.
Info (20030): Parallel compilation is enabled and will use 2 of the 2 processors detected
Info (12021): Found 2 design units, including 1 entities, in source file /home/tatenda/QuartusProjects/eee3064w_lab6_MVHADM001_NDXRON002/accumulator/accumulator.vhd
    Info (12022): Found design unit 1: accumulator-behavior File: /home/tatenda/QuartusProjects/eee3064w_lab6_MVHADM001_NDXRON002/accumulator/accumulator.vhd Line: 21
    Info (12023): Found entity 1: accumulator File: /home/tatenda/QuartusProjects/eee3064w_lab6_MVHADM001_NDXRON002/accumulator/accumulator.vhd Line: 12
Info (12021): Found 2 design units, including 1 entities, in source file /home/tatenda/QuartusProjects/eee3064w_lab6_MVHADM001_NDXRON002/alu/alu.vhd
    Info (12022): Found design unit 1: alu-behavioral File: /home/tatenda/QuartusProjects/eee3064w_lab6_MVHADM001_NDXRON002/alu/alu.vhd Line: 25
    Info (12023): Found entity 1: alu File: /home/tatenda/QuartusProjects/eee3064w_lab6_MVHADM001_NDXRON002/alu/alu.vhd Line: 13
Info (12021): Found 2 design units, including 1 entities, in source file /home/tatenda/QuartusProjects/eee3064w_lab6_MVHADM001_NDXRON002/mux21/mux21.vhd
    Info (12022): Found design unit 1: mux21-behavior File: /home/tatenda/QuartusProjects/eee3064w_lab6_MVHADM001_NDXRON002/mux21/mux21.vhd Line: 20
    Info (12023): Found entity 1: mux21 File: /home/tatenda/QuartusProjects/eee3064w_lab6_MVHADM001_NDXRON002/mux21/mux21.vhd Line: 11
Warning (12090): Entity "mux41" obtained from "../mux41/mux41.vhd" instead of from Quartus Prime megafunction library File: /home/tatenda/QuartusProjects/eee3064w_lab6_MVHADM001_NDXRON002/mux41/mux41.vhd Line: 11
Info (12021): Found 2 design units, including 1 entities, in source file /home/tatenda/QuartusProjects/eee3064w_lab6_MVHADM001_NDXRON002/mux41/mux41.vhd
    Info (12022): Found design unit 1: mux41-behavioral File: /home/tatenda/QuartusProjects/eee3064w_lab6_MVHADM001_NDXRON002/mux41/mux41.vhd Line: 21
    Info (12023): Found entity 1: mux41 File: /home/tatenda/QuartusProjects/eee3064w_lab6_MVHADM001_NDXRON002/mux41/mux41.vhd Line: 11
Info (12021): Found 2 design units, including 1 entities, in source file /home/tatenda/QuartusProjects/eee3064w_lab6_MVHADM001_NDXRON002/status_reg/status_reg.vhd
    Info (12022): Found design unit 1: status_reg-behavioural File: /home/tatenda/QuartusProjects/eee3064w_lab6_MVHADM001_NDXRON002/status_reg/status_reg.vhd Line: 21
    Info (12023): Found entity 1: status_reg File: /home/tatenda/QuartusProjects/eee3064w_lab6_MVHADM001_NDXRON002/status_reg/status_reg.vhd Line: 10
Warning (12125): Using design file datapath.bdf, which is not specified as a design file for the current project, but contains definitions for 1 design units and 1 entities in project
    Info (12023): Found entity 1: datapath
Info (12127): Elaborating entity "datapath" for the top level hierarchy
Info (12128): Elaborating entity "status_reg" for hierarchy "status_reg:inst4"
Info (12128): Elaborating entity "alu" for hierarchy "alu:inst5"
Warning (10492): VHDL Process Statement warning at alu.vhd(43): signal "in_acc" is read inside the Process Statement but isn't in the Process Statement's sensitivity list File: /home/tatenda/QuartusProjects/eee3064w_lab6_MVHADM001_NDXRON002/alu/alu.vhd Line: 43
Warning (10492): VHDL Process Statement warning at alu.vhd(43): signal "inp_b" is read inside the Process Statement but isn't in the Process Statement's sensitivity list File: /home/tatenda/QuartusProjects/eee3064w_lab6_MVHADM001_NDXRON002/alu/alu.vhd Line: 43
Warning (10492): VHDL Process Statement warning at alu.vhd(58): signal "in_acc" is read inside the Process Statement but isn't in the Process Statement's sensitivity list File: /home/tatenda/QuartusProjects/eee3064w_lab6_MVHADM001_NDXRON002/alu/alu.vhd Line: 58
Warning (10492): VHDL Process Statement warning at alu.vhd(58): signal "inp_b" is read inside the Process Statement but isn't in the Process Statement's sensitivity list File: /home/tatenda/QuartusProjects/eee3064w_lab6_MVHADM001_NDXRON002/alu/alu.vhd Line: 58
Warning (10492): VHDL Process Statement warning at alu.vhd(72): signal "in_acc" is read inside the Process Statement but isn't in the Process Statement's sensitivity list File: /home/tatenda/QuartusProjects/eee3064w_lab6_MVHADM001_NDXRON002/alu/alu.vhd Line: 72
Warning (10492): VHDL Process Statement warning at alu.vhd(72): signal "inp_b" is read inside the Process Statement but isn't in the Process Statement's sensitivity list File: /home/tatenda/QuartusProjects/eee3064w_lab6_MVHADM001_NDXRON002/alu/alu.vhd Line: 72
Warning (10492): VHDL Process Statement warning at alu.vhd(100): signal "in_acc" is read inside the Process Statement but isn't in the Process Statement's sensitivity list File: /home/tatenda/QuartusProjects/eee3064w_lab6_MVHADM001_NDXRON002/alu/alu.vhd Line: 100
Warning (10492): VHDL Process Statement warning at alu.vhd(100): signal "inp_b" is read inside the Process Statement but isn't in the Process Statement's sensitivity list File: /home/tatenda/QuartusProjects/eee3064w_lab6_MVHADM001_NDXRON002/alu/alu.vhd Line: 100
Warning (10492): VHDL Process Statement warning at alu.vhd(113): signal "in_acc" is read inside the Process Statement but isn't in the Process Statement's sensitivity list File: /home/tatenda/QuartusProjects/eee3064w_lab6_MVHADM001_NDXRON002/alu/alu.vhd Line: 113
Warning (10492): VHDL Process Statement warning at alu.vhd(113): signal "inp_b" is read inside the Process Statement but isn't in the Process Statement's sensitivity list File: /home/tatenda/QuartusProjects/eee3064w_lab6_MVHADM001_NDXRON002/alu/alu.vhd Line: 113
Warning (10492): VHDL Process Statement warning at alu.vhd(118): signal "in_acc" is read inside the Process Statement but isn't in the Process Statement's sensitivity list File: /home/tatenda/QuartusProjects/eee3064w_lab6_MVHADM001_NDXRON002/alu/alu.vhd Line: 118
Warning (10492): VHDL Process Statement warning at alu.vhd(130): signal "in_acc" is read inside the Process Statement but isn't in the Process Statement's sensitivity list File: /home/tatenda/QuartusProjects/eee3064w_lab6_MVHADM001_NDXRON002/alu/alu.vhd Line: 130
Warning (10492): VHDL Process Statement warning at alu.vhd(156): signal "in_acc" is read inside the Process Statement but isn't in the Process Statement's sensitivity list File: /home/tatenda/QuartusProjects/eee3064w_lab6_MVHADM001_NDXRON002/alu/alu.vhd Line: 156
Warning (10492): VHDL Process Statement warning at alu.vhd(178): signal "in_acc" is read inside the Process Statement but isn't in the Process Statement's sensitivity list File: /home/tatenda/QuartusProjects/eee3064w_lab6_MVHADM001_NDXRON002/alu/alu.vhd Line: 178
Warning (10492): VHDL Process Statement warning at alu.vhd(178): signal "inp_b" is read inside the Process Statement but isn't in the Process Statement's sensitivity list File: /home/tatenda/QuartusProjects/eee3064w_lab6_MVHADM001_NDXRON002/alu/alu.vhd Line: 178
Warning (10492): VHDL Process Statement warning at alu.vhd(199): signal "in_acc" is read inside the Process Statement but isn't in the Process Statement's sensitivity list File: /home/tatenda/QuartusProjects/eee3064w_lab6_MVHADM001_NDXRON002/alu/alu.vhd Line: 199
Warning (10492): VHDL Process Statement warning at alu.vhd(220): signal "in_acc" is read inside the Process Statement but isn't in the Process Statement's sensitivity list File: /home/tatenda/QuartusProjects/eee3064w_lab6_MVHADM001_NDXRON002/alu/alu.vhd Line: 220
Warning (10492): VHDL Process Statement warning at alu.vhd(240): signal "in_acc" is read inside the Process Statement but isn't in the Process Statement's sensitivity list File: /home/tatenda/QuartusProjects/eee3064w_lab6_MVHADM001_NDXRON002/alu/alu.vhd Line: 240
Warning (10492): VHDL Process Statement warning at alu.vhd(270): signal "in_acc" is read inside the Process Statement but isn't in the Process Statement's sensitivity list File: /home/tatenda/QuartusProjects/eee3064w_lab6_MVHADM001_NDXRON002/alu/alu.vhd Line: 270
Warning (10492): VHDL Process Statement warning at alu.vhd(296): signal "in_acc" is read inside the Process Statement but isn't in the Process Statement's sensitivity list File: /home/tatenda/QuartusProjects/eee3064w_lab6_MVHADM001_NDXRON002/alu/alu.vhd Line: 296
Warning (10492): VHDL Process Statement warning at alu.vhd(316): signal "in_acc" is read inside the Process Statement but isn't in the Process Statement's sensitivity list File: /home/tatenda/QuartusProjects/eee3064w_lab6_MVHADM001_NDXRON002/alu/alu.vhd Line: 316
Warning (10492): VHDL Process Statement warning at alu.vhd(316): signal "inp_b" is read inside the Process Statement but isn't in the Process Statement's sensitivity list File: /home/tatenda/QuartusProjects/eee3064w_lab6_MVHADM001_NDXRON002/alu/alu.vhd Line: 316
Warning (10492): VHDL Process Statement warning at alu.vhd(336): signal "in_acc" is read inside the Process Statement but isn't in the Process Statement's sensitivity list File: /home/tatenda/QuartusProjects/eee3064w_lab6_MVHADM001_NDXRON002/alu/alu.vhd Line: 336
Warning (10492): VHDL Process Statement warning at alu.vhd(356): signal "in_acc" is read inside the Process Statement but isn't in the Process Statement's sensitivity list File: /home/tatenda/QuartusProjects/eee3064w_lab6_MVHADM001_NDXRON002/alu/alu.vhd Line: 356
Warning (10492): VHDL Process Statement warning at alu.vhd(356): signal "inp_b" is read inside the Process Statement but isn't in the Process Statement's sensitivity list File: /home/tatenda/QuartusProjects/eee3064w_lab6_MVHADM001_NDXRON002/alu/alu.vhd Line: 356
Warning (10492): VHDL Process Statement warning at alu.vhd(369): signal "in_acc" is read inside the Process Statement but isn't in the Process Statement's sensitivity list File: /home/tatenda/QuartusProjects/eee3064w_lab6_MVHADM001_NDXRON002/alu/alu.vhd Line: 369
Warning (10492): VHDL Process Statement warning at alu.vhd(369): signal "inp_b" is read inside the Process Statement but isn't in the Process Statement's sensitivity list File: /home/tatenda/QuartusProjects/eee3064w_lab6_MVHADM001_NDXRON002/alu/alu.vhd Line: 369
Warning (10631): VHDL Process Statement warning at alu.vhd(28): inferring latch(es) for signal or variable "N", which holds its previous value in one or more paths through the process File: /home/tatenda/QuartusProjects/eee3064w_lab6_MVHADM001_NDXRON002/alu/alu.vhd Line: 28
Warning (10631): VHDL Process Statement warning at alu.vhd(28): inferring latch(es) for signal or variable "Z", which holds its previous value in one or more paths through the process File: /home/tatenda/QuartusProjects/eee3064w_lab6_MVHADM001_NDXRON002/alu/alu.vhd Line: 28
Warning (10631): VHDL Process Statement warning at alu.vhd(28): inferring latch(es) for signal or variable "C", which holds its previous value in one or more paths through the process File: /home/tatenda/QuartusProjects/eee3064w_lab6_MVHADM001_NDXRON002/alu/alu.vhd Line: 28
Warning (10631): VHDL Process Statement warning at alu.vhd(28): inferring latch(es) for signal or variable "temp", which holds its previous value in one or more paths through the process File: /home/tatenda/QuartusProjects/eee3064w_lab6_MVHADM001_NDXRON002/alu/alu.vhd Line: 28
Info (10041): Inferred latch for "C" at alu.vhd(28) File: /home/tatenda/QuartusProjects/eee3064w_lab6_MVHADM001_NDXRON002/alu/alu.vhd Line: 28
Info (10041): Inferred latch for "Z" at alu.vhd(28) File: /home/tatenda/QuartusProjects/eee3064w_lab6_MVHADM001_NDXRON002/alu/alu.vhd Line: 28
Info (10041): Inferred latch for "N" at alu.vhd(28) File: /home/tatenda/QuartusProjects/eee3064w_lab6_MVHADM001_NDXRON002/alu/alu.vhd Line: 28
Info (12128): Elaborating entity "mux21" for hierarchy "mux21:inst2"
Info (12128): Elaborating entity "accumulator" for hierarchy "accumulator:inst6"
Warning (10492): VHDL Process Statement warning at accumulator.vhd(27): signal "load" is read inside the Process Statement but isn't in the Process Statement's sensitivity list File: /home/tatenda/QuartusProjects/eee3064w_lab6_MVHADM001_NDXRON002/accumulator/accumulator.vhd Line: 27
Info (12128): Elaborating entity "mux41" for hierarchy "mux41:inst3"
Warning (13012): Latch alu:inst5|N has unsafe behavior File: /home/tatenda/QuartusProjects/eee3064w_lab6_MVHADM001_NDXRON002/alu/alu.vhd Line: 17
    Warning (13013): Ports D and ENA on the latch are fed by the same signal opcode[3]
Warning (13012): Latch alu:inst5|C has unsafe behavior File: /home/tatenda/QuartusProjects/eee3064w_lab6_MVHADM001_NDXRON002/alu/alu.vhd Line: 18
    Warning (13013): Ports D and ENA on the latch are fed by the same signal opcode[3]
Warning (13012): Latch alu:inst5|Z has unsafe behavior File: /home/tatenda/QuartusProjects/eee3064w_lab6_MVHADM001_NDXRON002/alu/alu.vhd Line: 19
    Warning (13013): Ports D and ENA on the latch are fed by the same signal opcode[2]
Info (286030): Timing-Driven Synthesis is running
Info (16010): Generating hard_block partition "hard_block:auto_generated_inst"
    Info (16011): Adding 0 node(s), including 0 DDIO, 0 PLL, 0 transceiver and 0 LCELL
Info (21057): Implemented 299 device resources after synthesis - the final resource count might be different
    Info (21058): Implemented 35 input pins
    Info (21059): Implemented 19 output pins
    Info (21061): Implemented 245 logic cells
Info: Quartus Prime Analysis & Synthesis was successful. 0 errors, 41 warnings
    Info: Peak virtual memory: 975 megabytes
    Info: Processing ended: Wed Sep  6 16:00:09 2017
    Info: Elapsed time: 00:00:25
    Info: Total CPU time (on all processors): 00:00:52


